<?xml version="1.0" encoding="UTF-8"?>
<testng-results total="1" passed="1" failed="0" skipped="0">
  <reporter-output>
  </reporter-output>
  <suite started-at="2021-05-20T23:33:01Z" name="Default suite" finished-at="2021-05-20T23:33:12Z" duration-ms="11102">
    <groups>
    </groups>
    <test started-at="2021-05-20T23:33:01Z" name="Default test" finished-at="2021-05-20T23:33:12Z" duration-ms="11102">
      <class name="TestNG.test1">
        <test-method signature="empty_search_test()[pri:0, instance:TestNG.test1@54a7079e]" started-at="2021-05-21T05:33:01Z" name="empty_search_test" finished-at="2021-05-21T05:33:12Z" duration-ms="11091" status="PASS">
          <reporter-output>
          </reporter-output>
        </test-method> <!-- empty_search_test -->
      </class> <!-- TestNG.test1 -->
    </test> <!-- Default test -->
  </suite> <!-- Default suite -->
</testng-results>
